This file contains any messages produced by compilers while
running configure, to aid debugging if configure makes a mistake.

It was created by duet configure 0.1.3, which was
generated by GNU Autoconf 2.69.  Invocation command line was

  $ ./configure 

## --------- ##
## Platform. ##
## --------- ##

hostname = louvre
uname -m = x86_64
uname -r = 5.4.0-146-generic
uname -s = Linux
uname -v = #163-Ubuntu SMP Fri Mar 17 18:26:02 UTC 2023

/usr/bin/uname -p = unknown
/bin/uname -X     = unknown

/bin/arch              = unknown
/usr/bin/arch -k       = unknown
/usr/convex/getsysinfo = unknown
/usr/bin/hostinfo      = unknown
/bin/machine           = unknown
/usr/bin/oslevel       = unknown
/bin/universe          = unknown

PATH: /home/rjf/.opam/4.13.0/bin
PATH: /home/rjf/fast/seahorn-bin/SeaHorn-0.1.0-Linux-x86_64/bin
PATH: /home/rjf/fast/duet-IW/
PATH: /home/rjf/fast/ultimate/UAutomizer-linux/
PATH: /home/rjf/fast/cpachecker/CPAchecker-2.2-unix/scripts/
PATH: /home/rjf/fast/cpachecker/CPAchecker-2.2-unix/
PATH: /usr/bin/
PATH: /home/rjf/Builds/sketch-1.7.6/sketch-frontend
PATH: /home/rjf/fast/cpachecker/CPAchecker-2.2-unix/
PATH: /usr/bin/
PATH: /home/rjf/Builds/sketch-1.7.6/sketch-frontend
PATH: /home/rjf/.cargo/bin
PATH: /usr/bin/
PATH: /home/rjf/Builds/sketch-1.7.6/sketch-frontend
PATH: /usr/local/sbin
PATH: /usr/local/bin
PATH: /usr/sbin
PATH: /usr/bin
PATH: /sbin
PATH: /bin
PATH: /usr/games
PATH: /usr/local/games
PATH: /snap/bin


## ----------- ##
## Core tests. ##
## ----------- ##

configure:1693: checking machine architecture
configure:1696: result: 64 bit
configure:1849: creating ./config.status

## ---------------------- ##
## Running config.status. ##
## ---------------------- ##

This file was extended by duet config.status 0.1.3, which was
generated by GNU Autoconf 2.69.  Invocation command line was

  CONFIG_FILES    = 
  CONFIG_HEADERS  = 
  CONFIG_LINKS    = 
  CONFIG_COMMANDS = 
  $ ./config.status 

on louvre

config.status:710: creating duet/config.ml

## ---------------- ##
## Cache variables. ##
## ---------------- ##

ac_cv_env_build_alias_set=
ac_cv_env_build_alias_value=
ac_cv_env_host_alias_set=
ac_cv_env_host_alias_value=
ac_cv_env_target_alias_set=
ac_cv_env_target_alias_value=

## ----------------- ##
## Output variables. ##
## ----------------- ##

BDDBDDB_DIR='/home/rjf/fast/duet-IW/lib'
DEFS='-DPACKAGE_NAME=\"duet\" -DPACKAGE_TARNAME=\"duet\" -DPACKAGE_VERSION=\"0.1.3\" -DPACKAGE_STRING=\"duet\ 0.1.3\" -DPACKAGE_BUGREPORT=\"\" -DPACKAGE_URL=\"\"'
ECHO_C=''
ECHO_N='-n'
ECHO_T=''
LIBOBJS=''
LIBS=''
LTLIBOBJS=''
PACKAGE_BUGREPORT=''
PACKAGE_NAME='duet'
PACKAGE_STRING='duet 0.1.3'
PACKAGE_TARNAME='duet'
PACKAGE_URL=''
PACKAGE_VERSION='0.1.3'
PATH_SEPARATOR=':'
SHELL='/bin/bash'
bindir='${exec_prefix}/bin'
build_alias=''
datadir='${datarootdir}'
datarootdir='${prefix}/share'
docdir='${datarootdir}/doc/${PACKAGE_TARNAME}'
dvidir='${docdir}'
exec_prefix='${prefix}'
host_alias=''
htmldir='${docdir}'
includedir='${prefix}/include'
infodir='${datarootdir}/info'
libdir='${exec_prefix}/lib'
libexecdir='${exec_prefix}/libexec'
localedir='${datarootdir}/locale'
localstatedir='${prefix}/var'
mandir='${datarootdir}/man'
oldincludedir='/usr/include'
pdfdir='${docdir}'
prefix='/usr/local'
program_transform_name='s,x,x,'
psdir='${docdir}'
runstatedir='${localstatedir}/run'
sbindir='${exec_prefix}/sbin'
sharedstatedir='${prefix}/com'
sysconfdir='${prefix}/etc'
target_alias=''

## ----------- ##
## confdefs.h. ##
## ----------- ##

/* confdefs.h */
#define PACKAGE_NAME "duet"
#define PACKAGE_TARNAME "duet"
#define PACKAGE_VERSION "0.1.3"
#define PACKAGE_STRING "duet 0.1.3"
#define PACKAGE_BUGREPORT ""
#define PACKAGE_URL ""

configure: exit 0
